qui fev 28 16:00:01 -03 2019 - auto_test - no error found
qui fev 28 12:00:01 -03 2019 - auto_test - no error found
qua fev 27 16:00:01 -03 2019 - auto_test - no error found
qua fev 27 12:00:02 -03 2019 - auto_test - no error found
ter fev 26 18:00:01 -03 2019 - auto_test - no error found
ter fev 26 16:00:01 -03 2019 - auto_test - no error found
ter fev 26 14:00:01 -03 2019 - auto_test - no error found
ter fev 26 12:00:01 -03 2019 - auto_test - no error found
ter fev 26 10:00:01 -03 2019 - auto_test - no error found
seg fev 25 18:00:01 -03 2019 - auto_test - no error found
seg fev 25 15:00:01 -03 2019 - auto_test - no error found
seg fev 25 12:00:01 -03 2019 - auto_test - no error found
sex fev 22 18:00:01 -03 2019 - auto_test - no error found
sex fev 22 15:00:01 -03 2019 - auto_test - no error found
sex fev 22 12:00:01 -03 2019 - auto_test - no error found
sex fev 22 09:00:01 -03 2019 - auto_test - no error found
qui fev 21 18:00:01 -03 2019 - auto_test - no error found
qui fev 21 15:00:01 -03 2019 - auto_test - no error found
qui fev 21 12:00:01 -03 2019 - auto_test - no error found
qua fev 20 18:00:01 -03 2019 - auto_test - no error found
qua fev 20 15:00:01 -03 2019 - auto_test - no error found
qua fev 20 13:00:01 -03 2019 - auto_test - no error found
qua fev 20 12:00:01 -03 2019 - auto_test - no error found
qua fev 20 11:00:01 -03 2019 - auto_test - no error found
qua fev 20 10:00:01 -03 2019 - auto_test - no error found
qua fev 20 02:00:01 -03 2019 - auto_test - no error found
qua fev 20 01:00:01 -03 2019 - auto_test - no error found
ter fev 19 19:00:01 -03 2019 - auto_test - no error found
ter fev 19 18:00:01 -03 2019 - auto_test - no error found
ter fev 19 17:00:01 -03 2019 - auto_test - no error found
ter fev 19 15:01:32 -03 2019 - auto_test - no error found
ter fev 19 14:49:12 -03 2019 - auto_test - no error found
ter fev 19 14:43:59 -03 2019 - auto_test - no error found
ter fev 19 14:43:11 -03 2019 - auto_test - no error found
ter fev 19 08:38:40 -03 2019 - auto_test - no error found
ter fev 19 08:37:04 -03 2019 - auto_test - no error found